<START:name> org.openqa.selenium.TimeoutException: <END> Timed out after 30 seconds waiting for element to no longer be <START:waitFor> visible: <END> <START:locator> By.id: <END> <START:value> input_field <END>
<START:name> org.openqa.selenium.TimeoutException: <END> Timed out after 30 seconds waiting for element to no longer be <START:waitFor> visible: <END> <START:locator> By.id: <END> <START:value> input_field <END>
<START:name> org.openqa.selenium.TimeoutException: <END> Timed out after 30 seconds waiting for element to no longer be <START:waitFor> visible: <END> <START:locator> By.id: <END> <START:value> input_field <END>
<START:name> org.openqa.selenium.TimeoutException: <END> Timed out after 30 seconds waiting for element to no longer be <START:waitFor> visible: <END> <START:locator> By.id: <END> <START:value> input_field <END>
<START:name> org.openqa.selenium.TimeoutException: <END> Timed out after 30 seconds waiting for element to no longer be <START:waitFor> visible: <END> <START:locator> By.id: <END> <START:value> input_field <END>
<START:name> org.openqa.selenium.TimeoutException: <END> Timed out after 30 seconds waiting for element to no longer be <START:waitFor> visible: <END> <START:locator> By.id: <END> <START:value> input_field <END>
<START:name> org.openqa.selenium.TimeoutException: <END> Timed out after 30 seconds waiting for element to no longer be <START:waitFor> visible: <END> <START:locator> By.id: <END> <START:value> input_field <END>
<START:name> org.openqa.selenium.TimeoutException: <END> Timed out after 30 seconds waiting for element to no longer be <START:waitFor> visible: <END> <START:locator> By.id: <END> <START:value> input_field <END>
<START:name> org.openqa.selenium.TimeoutException: <END> Timed out after 30 seconds waiting for element to no longer be <START:waitFor> visible: <END> <START:locator> By.id: <END> <START:value> input_field <END>
<START:name> org.openqa.selenium.TimeoutException: <END> Timed out after 30 seconds waiting for element to no longer be <START:waitFor> visible: <END> <START:locator> By.id: <END> <START:value> input_field <END>
<START:name> org.openqa.selenium.TimeoutException: <END> Timed out after 30 seconds waiting for element to no longer be <START:waitFor> visible: <END> <START:locator> By.id: <END> <START:value> input_field <END>
<START:name> org.openqa.selenium.TimeoutException: <END> Timed out after 30 seconds waiting for element to no longer be <START:waitFor> visible: <END> <START:locator> By.id: <END> <START:value> input_field <END>
<START:name> org.openqa.selenium.TimeoutException: <END> Timed out after 30 seconds waiting for element to no longer be <START:waitFor> visible: <END> <START:locator> By.id: <END> <START:value> input_field <END>
<START:name> org.openqa.selenium.TimeoutException: <END> Timed out after 30 seconds waiting for element to no longer be <START:waitFor> visible: <END> <START:locator> By.id: <END> <START:value> input_field <END>
<START:name> org.openqa.selenium.TimeoutException: <END> Timed out after 30 seconds waiting for element to no longer be <START:waitFor> visible: <END> <START:locator> By.id: <END> <START:value> input_field <END>
<START:name> org.openqa.selenium.TimeoutException: <END> Timed out after 30 seconds waiting for element to no longer be <START:waitFor> visible: <END> <START:locator> By.id: <END> <START:value> input_field <END>
<START:name> org.openqa.selenium.TimeoutException: <END> Timed out after 30 seconds waiting for element to no longer be <START:waitFor> visible: <END> <START:locator> By.id: <END> <START:value> input_field <END>
<START:name> org.openqa.selenium.TimeoutException: <END> Timed out after 30 seconds waiting for element to no longer be <START:waitFor> visible: <END> <START:locator> By.id: <END> <START:value> input_field <END>
<START:name> org.openqa.selenium.TimeoutException: <END> Timed out after 30 seconds waiting for element to no longer be <START:waitFor> visible: <END> <START:locator> By.id: <END> <START:value> input_field <END>
<START:name> org.openqa.selenium.TimeoutException: <END> Timed out after 30 seconds waiting for element to no longer be <START:waitFor> visible: <END> <START:locator> By.id: <END> <START:value> input_field <END>
<START:name> org.openqa.selenium.TimeoutException: <END> Timed out after 30 seconds waiting for element to no longer be <START:waitFor> visible: <END> <START:locator> By.id: <END> <START:value> input_field <END>
<START:name> org.openqa.selenium.TimeoutException: <END> Timed out after 30 seconds waiting for element to no longer be <START:waitFor> visible: <END> <START:locator> By.id: <END> <START:value> input_field <END>
<START:name> org.openqa.selenium.TimeoutException: <END> Timed out after 30 seconds waiting for element to no longer be <START:waitFor> visible: <END> <START:locator> By.id: <END> <START:value> input_field <END>
<START:name> org.openqa.selenium.TimeoutException: <END> Timed out after 30 seconds waiting for element to no longer be <START:waitFor> visible: <END> <START:locator> By.id: <END> <START:value> input_field <END>
<START:name> org.openqa.selenium.TimeoutException: <END> Timed out after 30 seconds waiting for element to no longer be <START:waitFor> visible: <END> <START:locator> By.id: <END> <START:value> input_field <END>
<START:name> org.openqa.selenium.TimeoutException: <END> Timed out after 30 seconds waiting for element to no longer be <START:waitFor> visible: <END> <START:locator> By.id: <END> <START:value> input_field <END>
<START:name> org.openqa.selenium.TimeoutException: <END> Timed out after 30 seconds waiting for element to no longer be <START:waitFor> visible: <END> <START:locator> By.id: <END> <START:value> input_field <END>
<START:name> org.openqa.selenium.TimeoutException: <END> Timed out after 30 seconds waiting for element to no longer be <START:waitFor> visible: <END> <START:locator> By.id: <END> <START:value> input_field <END>
<START:name> org.openqa.selenium.TimeoutException: <END> Timed out after 30 seconds waiting for element to no longer be <START:waitFor> visible: <END> <START:locator> By.id: <END> <START:value> input_field <END>
<START:name> org.openqa.selenium.TimeoutException: <END> Timed out after 30 seconds waiting for element to no longer be <START:waitFor> visible: <END> <START:locator> By.id: <END> <START:value> input_field <END>
<START:name> org.openqa.selenium.TimeoutException: <END> Timed out after 30 seconds waiting for element to no longer be <START:waitFor> visible: <END> <START:locator> By.id: <END> <START:value> input_field <END>
<START:name> org.openqa.selenium.TimeoutException: <END> Timed out after 30 seconds waiting for element to no longer be <START:waitFor> visible: <END> <START:locator> By.id: <END> <START:value> input_field <END>
<START:name> org.openqa.selenium.TimeoutException: <END> Timed out after 30 seconds waiting for element to no longer be <START:waitFor> visible: <END> <START:locator> By.id: <END> <START:value> input_field <END>
<START:name> org.openqa.selenium.TimeoutException: <END> Timed out after 30 seconds waiting for element to no longer be <START:waitFor> visible: <END> <START:locator> By.id: <END> <START:value> input_field <END>
<START:name> org.openqa.selenium.TimeoutException: <END> Timed out after 30 seconds waiting for element to no longer be <START:waitFor> visible: <END> <START:locator> By.id: <END> <START:value> input_field <END>
<START:name> org.openqa.selenium.TimeoutException: <END> Timed out after 30 seconds waiting for element to no longer be <START:waitFor> visible: <END> <START:locator> By.id: <END> <START:value> input_field <END>
<START:name> org.openqa.selenium.TimeoutException: <END> Timed out after 30 seconds waiting for element to no longer be <START:waitFor> visible: <END> <START:locator> By.id: <END> <START:value> input_field <END>
<START:name> org.openqa.selenium.TimeoutException: <END> Timed out after 30 seconds waiting for element to no longer be <START:waitFor> visible: <END> <START:locator> By.id: <END> <START:value> input_field <END>
<START:name> org.openqa.selenium.TimeoutException: <END> Timed out after 30 seconds waiting for element to no longer be <START:waitFor> visible: <END> <START:locator> By.id: <END> <START:value> input_field <END>
<START:name> org.openqa.selenium.TimeoutException: <END> Timed out after 30 seconds waiting for element to no longer be <START:waitFor> visible: <END> <START:locator> By.id: <END> <START:value> input_field <END>
<START:name> org.openqa.selenium.TimeoutException: <END> Timed out after 30 seconds waiting for element to no longer be <START:waitFor> visible: <END> <START:locator> By.id: <END> <START:value> input_field <END>
<START:name> org.openqa.selenium.TimeoutException: <END> Timed out after 30 seconds waiting for element to no longer be <START:waitFor> visible: <END> <START:locator> By.id: <END> <START:value> input_field <END>
<START:name> org.openqa.selenium.TimeoutException: <END> Timed out after 30 seconds waiting for element to no longer be <START:waitFor> visible: <END> <START:locator> By.id: <END> <START:value> input_field <END>
<START:name> org.openqa.selenium.TimeoutException: <END> Timed out after 30 seconds waiting for element to no longer be <START:waitFor> visible: <END> <START:locator> By.id: <END> <START:value> input_field <END>
<START:name> org.openqa.selenium.TimeoutException: <END> Timed out after 30 seconds waiting for element to no longer be <START:waitFor> visible: <END> <START:locator> By.id: <END> <START:value> input_field <END>
<START:name> org.openqa.selenium.TimeoutException: <END> Timed out after 30 seconds waiting for element to no longer be <START:waitFor> visible: <END> <START:locator> By.id: <END> <START:value> input_field <END>
<START:name> org.openqa.selenium.TimeoutException: <END> Timed out after 30 seconds waiting for element to no longer be <START:waitFor> visible: <END> <START:locator> By.id: <END> <START:value> input_field <END>
<START:name> org.openqa.selenium.TimeoutException: <END> Timed out after 30 seconds waiting for element to no longer be <START:waitFor> visible: <END> <START:locator> By.id: <END> <START:value> input_field <END>
<START:name> org.openqa.selenium.TimeoutException: <END> Timed out after 30 seconds waiting for element to no longer be <START:waitFor> visible: <END> <START:locator> By.id: <END> <START:value> input_field <END>
<START:name> org.openqa.selenium.TimeoutException: <END> Timed out after 30 seconds waiting for element to no longer be <START:waitFor> visible: <END> <START:locator> By.id: <END> <START:value> input_field <END>
<START:name> org.openqa.selenium.TimeoutException: <END> Timed out after 30 seconds waiting for element to no longer be <START:waitFor> visible: <END> <START:locator> By.id: <END> <START:value> input_field <END>
<START:name> org.openqa.selenium.TimeoutException: <END> Timed out after 30 seconds waiting for <START:waitFor> presence <END> of any elements located by <START:locator> By.id: <END> <START:value> tvReason <END>
<START:name> org.openqa.selenium.TimeoutException: <END> Timed out after 30 seconds waiting for <START:waitFor> presence <END> of any elements located by <START:locator> By.id: <END> <START:value> tvReason <END>
<START:name> org.openqa.selenium.TimeoutException: <END> Timed out after 30 seconds waiting for <START:waitFor> presence <END> of any elements located by <START:locator> By.id: <END> <START:value> tvReason <END>
<START:name> org.openqa.selenium.TimeoutException: <END> Timed out after 30 seconds waiting for <START:waitFor> presence <END> of any elements located by <START:locator> By.id: <END> <START:value> tvReason <END>
<START:name> org.openqa.selenium.TimeoutException: <END> Timed out after 30 seconds waiting for <START:waitFor> presence <END> of any elements located by <START:locator> By.id: <END> <START:value> tvReason <END>
<START:name> org.openqa.selenium.TimeoutException: <END> Timed out after 30 seconds waiting for <START:waitFor> presence <END> of any elements located by <START:locator> By.id: <END> <START:value> tvReason <END>
<START:name> org.openqa.selenium.TimeoutException: <END> Timed out after 30 seconds waiting for <START:waitFor> presence <END> of any elements located by <START:locator> By.id: <END> <START:value> tvReason <END>
<START:name> org.openqa.selenium.TimeoutException: <END> Timed out after 30 seconds waiting for <START:waitFor> presence <END> of any elements located by <START:locator> By.id: <END> <START:value> tvReason <END>
<START:name> org.openqa.selenium.TimeoutException: <END> Timed out after 30 seconds waiting for <START:waitFor> presence <END> of any elements located by <START:locator> By.id: <END> <START:value> tvReason <END>
<START:name> org.openqa.selenium.TimeoutException: <END> Timed out after 30 seconds waiting for <START:waitFor> presence <END> of any elements located by <START:locator> By.id: <END> <START:value> tvReason <END>
<START:name> org.openqa.selenium.TimeoutException: <END> Timed out after 30 seconds waiting for <START:waitFor> presence <END> of any elements located by <START:locator> By.id: <END> <START:value> tvReason <END>
<START:name> org.openqa.selenium.TimeoutException: <END> Timed out after 30 seconds waiting for <START:waitFor> presence <END> of any elements located by <START:locator> By.id: <END> <START:value> tvReason <END>
<START:name> org.openqa.selenium.TimeoutException: <END> Timed out after 30 seconds waiting for <START:waitFor> presence <END> of any elements located by <START:locator> By.id: <END> <START:value> tvReason <END>
<START:name> org.openqa.selenium.TimeoutException: <END> Timed out after 30 seconds waiting for <START:waitFor> presence <END> of any elements located by <START:locator> By.id: <END> <START:value> tvReason <END>
<START:name> org.openqa.selenium.TimeoutException: <END> Timed out after 30 seconds waiting for <START:waitFor> presence <END> of any elements located by <START:locator> By.id: <END> <START:value> tvReason <END>
<START:name> org.openqa.selenium.TimeoutException: <END> Timed out after 30 seconds waiting for <START:waitFor> presence <END> of any elements located by <START:locator> By.id: <END> <START:value> tvReason <END>
<START:name> org.openqa.selenium.TimeoutException: <END> Timed out after 30 seconds waiting for <START:waitFor> presence <END> of any elements located by <START:locator> By.id: <END> <START:value> tvReason <END>
<START:name> org.openqa.selenium.TimeoutException: <END> Timed out after 30 seconds waiting for <START:waitFor> presence <END> of any elements located by <START:locator> By.id: <END> <START:value> tvReason <END>
<START:name> org.openqa.selenium.TimeoutException: <END> Timed out after 30 seconds waiting for <START:waitFor> presence <END> of any elements located by <START:locator> By.id: <END> <START:value> tvReason <END>
<START:name> org.openqa.selenium.TimeoutException: <END> Timed out after 30 seconds waiting for <START:waitFor> presence <END> of any elements located by <START:locator> By.id: <END> <START:value> tvReason <END>
<START:name> org.openqa.selenium.TimeoutException: <END> Timed out after 30 seconds waiting for <START:waitFor> presence <END> of any elements located by <START:locator> By.id: <END> <START:value> tvReason <END>
<START:name> org.openqa.selenium.TimeoutException: <END> Timed out after 30 seconds waiting for <START:waitFor> presence <END> of any elements located by <START:locator> By.id: <END> <START:value> tvReason <END>
<START:name> org.openqa.selenium.TimeoutException: <END> Timed out after 30 seconds waiting for <START:waitFor> presence <END> of any elements located by <START:locator> By.id: <END> <START:value> tvReason <END>
<START:name> org.openqa.selenium.TimeoutException: <END> Timed out after 30 seconds waiting for <START:waitFor> presence <END> of any elements located by <START:locator> By.id: <END> <START:value> tvReason <END>
<START:name> org.openqa.selenium.TimeoutException: <END> Timed out after 30 seconds waiting for <START:waitFor> presence <END> of any elements located by <START:locator> By.id: <END> <START:value> tvReason <END>
<START:name> org.openqa.selenium.TimeoutException: <END> Timed out after 30 seconds waiting for <START:waitFor> presence <END> of any elements located by <START:locator> By.id: <END> <START:value> tvReason <END>
<START:name> org.openqa.selenium.TimeoutException: <END> Timed out after 30 seconds waiting for <START:waitFor> presence <END> of any elements located by <START:locator> By.id: <END> <START:value> tvReason <END>
<START:name> org.openqa.selenium.TimeoutException: <END> Timed out after 30 seconds waiting for <START:waitFor> presence <END> of any elements located by <START:locator> By.id: <END> <START:value> tvReason <END>
<START:name> org.openqa.selenium.TimeoutException: <END> Timed out after 30 seconds waiting for <START:waitFor> presence <END> of any elements located by <START:locator> By.id: <END> <START:value> tvReason <END>
<START:name> org.openqa.selenium.TimeoutException: <END> Timed out after 30 seconds waiting for <START:waitFor> presence <END> of any elements located by <START:locator> By.id: <END> <START:value> tvReason <END>
<START:name> org.openqa.selenium.TimeoutException: <END> Timed out after 30 seconds waiting for <START:waitFor> presence <END> of any elements located by <START:locator> By.id: <END> <START:value> tvReason <END>
<START:name> org.openqa.selenium.TimeoutException: <END> Timed out after 30 seconds waiting for <START:waitFor> presence <END> of any elements located by <START:locator> By.id: <END> <START:value> tvReason <END>
<START:name> org.openqa.selenium.TimeoutException: <END> Timed out after 30 seconds waiting for <START:waitFor> presence <END> of any elements located by <START:locator> By.id: <END> <START:value> tvReason <END>
<START:name> org.openqa.selenium.TimeoutException: <END> Timed out after 30 seconds waiting for <START:waitFor> presence <END> of any elements located by <START:locator> By.id: <END> <START:value> tvReason <END>
<START:name> org.openqa.selenium.TimeoutException: <END> Timed out after 30 seconds waiting for <START:waitFor> presence <END> of any elements located by <START:locator> By.id: <END> <START:value> tvReason <END>
<START:name> org.openqa.selenium.TimeoutException: <END> Timed out after 30 seconds waiting for <START:waitFor> presence <END> of any elements located by <START:locator> By.id: <END> <START:value> tvReason <END>
<START:name> org.openqa.selenium.TimeoutException: <END> Timed out after 30 seconds waiting for <START:waitFor> presence <END> of any elements located by <START:locator> By.id: <END> <START:value> tvReason <END>
<START:name> org.openqa.selenium.TimeoutException: <END> Timed out after 30 seconds waiting for <START:waitFor> presence <END> of any elements located by <START:locator> By.id: <END> <START:value> tvReason <END>
<START:name> org.openqa.selenium.TimeoutException: <END> Timed out after 30 seconds waiting for <START:waitFor> presence <END> of any elements located by <START:locator> By.id: <END> <START:value> tvReason <END>
<START:name> org.openqa.selenium.TimeoutException: <END> Timed out after 30 seconds waiting for <START:waitFor> presence <END> of any elements located by <START:locator> By.id: <END> <START:value> tvReason <END>
<START:name> org.openqa.selenium.TimeoutException: <END> Timed out after 30 seconds waiting for <START:waitFor> presence <END> of any elements located by <START:locator> By.id: <END> <START:value> tvReason <END>
<START:name> org.openqa.selenium.TimeoutException: <END> Timed out after 30 seconds waiting for <START:waitFor> presence <END> of any elements located by <START:locator> By.id: <END> <START:value> tvReason <END>
<START:name> org.openqa.selenium.TimeoutException: <END> Timed out after 30 seconds waiting for <START:waitFor> presence <END> of any elements located by <START:locator> By.id: <END> <START:value> tvReason <END>
<START:name> org.openqa.selenium.TimeoutException: <END> Timed out after 30 seconds waiting for <START:waitFor> presence <END> of any elements located by <START:locator> By.id: <END> <START:value> tvReason <END>
<START:name> org.openqa.selenium.TimeoutException: <END> Timed out after 30 seconds waiting for <START:waitFor> presence <END> of any elements located by <START:locator> By.id: <END> <START:value> tvReason <END>
<START:name> org.openqa.selenium.TimeoutException: <END> Timed out after 30 seconds waiting for <START:waitFor> presence <END> of any elements located by <START:locator> By.id: <END> <START:value> tvReason <END>
<START:name> org.openqa.selenium.TimeoutException: <END> Timed out after 30 seconds waiting for <START:waitFor> presence <END> of any elements located by <START:locator> By.id: <END> <START:value> tvReason <END>
<START:name> org.openqa.selenium.TimeoutException: <END> Timed out after 30 seconds waiting for <START:waitFor> presence <END> of any elements located by <START:locator> By.id: <END> <START:value> tvReason <END>
<START:name> org.openqa.selenium.TimeoutException: <END> Timed out after 30 seconds waiting for <START:waitFor> presence <END> of any elements located by <START:locator> By.id: <END> <START:value> tvReason <END>
<START:name> org.openqa.selenium.remote.UnreachableBrowserException: <END> Could not start a new session.
<START:name> org.openqa.selenium.remote.UnreachableBrowserException: <END> Could not start a new session.
<START:name> org.openqa.selenium.remote.UnreachableBrowserException: <END> Could not start a new session.
<START:name> org.openqa.selenium.remote.UnreachableBrowserException: <END> Could not start a new session.
<START:name> org.openqa.selenium.remote.UnreachableBrowserException: <END> Could not start a new session.
<START:name> org.openqa.selenium.remote.UnreachableBrowserException: <END> Could not start a new session.
<START:name> org.openqa.selenium.remote.UnreachableBrowserException: <END> Could not start a new session.
<START:name> org.openqa.selenium.remote.UnreachableBrowserException: <END> Could not start a new session.
<START:name> org.openqa.selenium.remote.UnreachableBrowserException: <END> Could not start a new session.
<START:name> org.openqa.selenium.remote.UnreachableBrowserException: <END> Could not start a new session.
<START:name> org.openqa.selenium.remote.UnreachableBrowserException: <END> Could not start a new session.
<START:name> org.openqa.selenium.remote.UnreachableBrowserException: <END> Could not start a new session.
<START:name> org.openqa.selenium.remote.UnreachableBrowserException: <END> Could not start a new session.
<START:name> org.openqa.selenium.remote.UnreachableBrowserException: <END> Could not start a new session.
<START:name> org.openqa.selenium.remote.UnreachableBrowserException: <END> Could not start a new session.
<START:name> org.openqa.selenium.remote.UnreachableBrowserException: <END> Could not start a new session.
<START:name> org.openqa.selenium.remote.UnreachableBrowserException: <END> Could not start a new session.
<START:name> org.openqa.selenium.remote.UnreachableBrowserException: <END> Could not start a new session.
<START:name> org.openqa.selenium.remote.UnreachableBrowserException: <END> Could not start a new session.
<START:name> org.openqa.selenium.remote.UnreachableBrowserException: <END> Could not start a new session.
<START:name> org.openqa.selenium.remote.UnreachableBrowserException: <END> Could not start a new session.
<START:name> org.openqa.selenium.remote.UnreachableBrowserException: <END> Could not start a new session.
<START:name> org.openqa.selenium.remote.UnreachableBrowserException: <END> Could not start a new session.
<START:name> org.openqa.selenium.remote.UnreachableBrowserException: <END> Could not start a new session.
<START:name> org.openqa.selenium.remote.UnreachableBrowserException: <END> Could not start a new session.
<START:name> org.openqa.selenium.remote.UnreachableBrowserException: <END> Could not start a new session.
<START:name> org.openqa.selenium.remote.UnreachableBrowserException: <END> Could not start a new session.
<START:name> org.openqa.selenium.remote.UnreachableBrowserException: <END> Could not start a new session.
<START:name> org.openqa.selenium.remote.UnreachableBrowserException: <END> Could not start a new session.
<START:name> org.openqa.selenium.remote.UnreachableBrowserException: <END> Could not start a new session.
<START:name> org.openqa.selenium.remote.UnreachableBrowserException: <END> Could not start a new session.
<START:name> org.openqa.selenium.remote.UnreachableBrowserException: <END> Could not start a new session.
<START:name> org.openqa.selenium.remote.UnreachableBrowserException: <END> Could not start a new session.
<START:name> org.openqa.selenium.remote.UnreachableBrowserException: <END> Could not start a new session.
<START:name> org.openqa.selenium.remote.UnreachableBrowserException: <END> Could not start a new session.
<START:name> org.openqa.selenium.remote.UnreachableBrowserException: <END> Could not start a new session.
<START:name> org.openqa.selenium.remote.UnreachableBrowserException: <END> Could not start a new session.
<START:name> org.openqa.selenium.remote.UnreachableBrowserException: <END> Could not start a new session.
<START:name> org.openqa.selenium.remote.UnreachableBrowserException: <END> Could not start a new session.
<START:name> org.openqa.selenium.remote.UnreachableBrowserException: <END> Could not start a new session.
<START:name> java.lang.NullPointerException <END>
<START:name> java.lang.NullPointerException <END>
<START:name> java.lang.NullPointerException <END>
<START:name> java.lang.NullPointerException <END>
<START:name> java.lang.NullPointerException <END>
<START:name> java.lang.NullPointerException <END>
<START:name> java.lang.NullPointerException <END>
<START:name> java.lang.NullPointerException <END>
<START:name> java.lang.NullPointerException <END>
<START:name> java.lang.NullPointerException <END>
<START:name> java.lang.NullPointerException <END>
<START:name> java.lang.NullPointerException <END>
<START:name> java.lang.AssertionError <END>
<START:name> java.lang.AssertionError <END>
<START:name> java.lang.AssertionError <END>
<START:name> java.lang.AssertionError <END>
<START:name> java.lang.AssertionError <END>
<START:name> java.lang.AssertionError <END>
<START:name> java.lang.AssertionError <END>
<START:name> java.lang.AssertionError <END>
<START:name> java.lang.AssertionError <END>
<START:name> java.lang.AssertionError <END>
<START:name> java.lang.AssertionError <END>
<START:name> java.lang.AssertionError <END>
<START:name> java.lang.AssertionError <END>
<START:name> java.lang.AssertionError <END>
<START:name> java.lang.AssertionError <END>
<START:name> java.lang.AssertionError <END>
<START:name> java.lang.AssertionError <END>
<START:name> org.openqa.selenium.TimeoutException <END> : Expected condition failed:
<START:name> org.openqa.selenium.TimeoutException <END> : Expected condition failed:
<START:name> org.openqa.selenium.TimeoutException <END> : Expected condition failed:
<START:name> org.openqa.selenium.TimeoutException <END> : Expected condition failed:
<START:name> org.openqa.selenium.TimeoutException <END> : Expected condition failed:
<START:name> org.openqa.selenium.TimeoutException <END> : Expected condition failed:
<START:name> org.openqa.selenium.TimeoutException <END> : Expected condition failed:
<START:name> org.openqa.selenium.TimeoutException <END> : Expected condition failed:
<START:name> org.openqa.selenium.TimeoutException <END> : Expected condition failed:
<START:name> org.openqa.selenium.TimeoutException <END> : Expected condition failed:
<START:name> org.openqa.selenium.TimeoutException <END> : Expected condition failed:
<START:name> org.openqa.selenium.TimeoutException <END> : Expected condition failed:
<START:name> org.openqa.selenium.TimeoutException <END> : Expected condition failed:
<START:name> org.openqa.selenium.TimeoutException <END> : Expected condition failed:
<START:name> org.openqa.selenium.TimeoutException <END> : Expected condition failed:
<START:name> org.openqa.selenium.TimeoutException <END> : Expected condition failed:
<START:name> org.openqa.selenium.TimeoutException <END> : Expected condition failed:
<START:name> org.openqa.selenium.TimeoutException <END> : Expected condition failed:
<START:name> org.openqa.selenium.TimeoutException <END> : Expected condition failed:
<START:name> org.openqa.selenium.TimeoutException <END> : Expected condition failed:
<START:name> org.openqa.selenium.TimeoutException <END> : Expected condition failed:
<START:name> org.openqa.selenium.TimeoutException <END> : Expected condition failed:
<START:name> org.openqa.selenium.TimeoutException <END> : Expected condition failed:
<START:name> org.openqa.selenium.TimeoutException <END> : Expected condition failed:
<START:name> org.openqa.selenium.TimeoutException <END> : Expected condition failed:
<START:name> org.openqa.selenium.TimeoutException <END> : Expected condition failed:
<START:name> org.openqa.selenium.TimeoutException <END> : Expected condition failed:
<START:name> org.openqa.selenium.TimeoutException <END> : Expected condition failed:
<START:name> org.openqa.selenium.TimeoutException <END> : Expected condition failed:
<START:name> org.openqa.selenium.TimeoutException <END> : Expected condition failed:
<START:name> org.openqa.selenium.TimeoutException <END> : Expected condition failed:
<START:name> org.openqa.selenium.TimeoutException <END> : Expected condition failed:
<START:name> org.openqa.selenium.TimeoutException <END> : Expected condition failed:
<START:name> org.openqa.selenium.TimeoutException <END> : Expected condition failed:
<START:name> org.openqa.selenium.TimeoutException <END> : Expected condition failed:
<START:name> org.openqa.selenium.TimeoutException <END> : Expected condition failed:
<START:name> org.openqa.selenium.TimeoutException <END> : Expected condition failed:
<START:name> org.openqa.selenium.TimeoutException <END> : Expected condition failed:
<START:name> org.openqa.selenium.TimeoutException <END> : Expected condition failed:
<START:name> org.openqa.selenium.TimeoutException <END> : Expected condition failed:
<START:name> org.openqa.selenium.TimeoutException <END> : Expected condition failed:
<START:name> org.openqa.selenium.TimeoutException <END> : Expected condition failed:
<START:name> org.openqa.selenium.TimeoutException <END> : Expected condition failed:
<START:name> org.openqa.selenium.TimeoutException <END> : Expected condition failed:
<START:name> org.openqa.selenium.TimeoutException <END> : Expected condition failed:
<START:name> org.openqa.selenium.TimeoutException <END> : Expected condition failed:
<START:name> org.openqa.selenium.TimeoutException <END> : Expected condition failed:
<START:name> org.openqa.selenium.TimeoutException <END> : Expected condition failed:
<START:name> org.openqa.selenium.TimeoutException <END> : Expected condition failed:
<START:name> org.openqa.selenium.TimeoutException <END> : Expected condition failed:
<START:name> org.openqa.selenium.TimeoutException <END> : Expected condition failed:
<START:name> org.openqa.selenium.TimeoutException <END> : Expected condition failed:
<START:name> org.openqa.selenium.TimeoutException <END> : Expected condition failed:
<START:name> org.openqa.selenium.TimeoutException <END> : Expected condition failed:
<START:name> org.openqa.selenium.TimeoutException <END> : Expected condition failed:
<START:name> org.openqa.selenium.TimeoutException <END> : Expected condition failed:
<START:name> org.openqa.selenium.TimeoutException <END> : Expected condition failed:
<START:name> org.openqa.selenium.TimeoutException <END> : Expected condition failed:
<START:name> org.openqa.selenium.TimeoutException <END> : Expected condition failed:
<START:name> org.openqa.selenium.TimeoutException <END> : Expected condition failed:
<START:name> org.openqa.selenium.TimeoutException <END> : Expected condition failed:
<START:name> org.openqa.selenium.TimeoutException <END> : Expected condition failed:
<START:name> org.openqa.selenium.TimeoutException <END> : Expected condition failed:
<START:name> org.openqa.selenium.TimeoutException <END> : Expected condition failed:
<START:name> org.openqa.selenium.TimeoutException <END> : Expected condition failed:
<START:name> org.openqa.selenium.TimeoutException <END> : Expected condition failed:
<START:name> org.openqa.selenium.TimeoutException <END> : Expected condition failed:
<START:name> org.openqa.selenium.TimeoutException <END> : Expected condition failed:
<START:name> org.openqa.selenium.TimeoutException <END> : Expected condition failed:
<START:name> org.openqa.selenium.TimeoutException <END> : Expected condition failed:
<START:name> org.openqa.selenium.TimeoutException <END> : Expected condition failed:
<START:name> org.openqa.selenium.TimeoutException <END> : Expected condition failed:
<START:name> org.openqa.selenium.TimeoutException <END> : Expected condition failed:
<START:name> org.openqa.selenium.TimeoutException <END> : Expected condition failed:
<START:name> org.openqa.selenium.TimeoutException <END> : Expected condition failed:
<START:name> org.openqa.selenium.TimeoutException <END> : Expected condition failed:
<START:name> org.openqa.selenium.TimeoutException <END> : Expected condition failed:
<START:name> org.openqa.selenium.TimeoutException <END> : Expected condition failed:
<START:name> org.openqa.selenium.TimeoutException <END> : Expected condition failed:
<START:name> org.openqa.selenium.TimeoutException <END> : Expected condition failed:
<START:name> org.openqa.selenium.TimeoutException <END> : Expected condition failed:
<START:name> org.openqa.selenium.TimeoutException <END> : Expected condition failed:
<START:name> org.openqa.selenium.TimeoutException <END> : Expected condition failed:
<START:name> org.openqa.selenium.TimeoutException <END> : Expected condition failed:
<START:name> org.openqa.selenium.TimeoutException <END> : Expected condition failed:
<START:name> org.openqa.selenium.TimeoutException <END> : Expected condition failed:
<START:name> org.openqa.selenium.TimeoutException <END> : Expected condition failed:
<START:name> org.openqa.selenium.TimeoutException <END> : Expected condition failed:
<START:name> org.openqa.selenium.TimeoutException <END> : Expected condition failed:
<START:name> org.openqa.selenium.TimeoutException <END> : Expected condition failed:
<START:name> org.openqa.selenium.TimeoutException <END> : Expected condition failed:
<START:name> org.openqa.selenium.TimeoutException <END> : Expected condition failed:
<START:name> org.openqa.selenium.TimeoutException <END> : Expected condition failed:
<START:name> org.openqa.selenium.TimeoutException <END> : Expected condition failed:
<START:name> org.openqa.selenium.TimeoutException <END> : Expected condition failed:
<START:name> org.openqa.selenium.TimeoutException <END> : Expected condition failed:
<START:name> org.openqa.selenium.TimeoutException <END> : Expected condition failed:
<START:name> org.openqa.selenium.TimeoutException <END> : Expected condition failed:
<START:name> org.openqa.selenium.TimeoutException <END> : Expected condition failed:
<START:name> org.openqa.selenium.TimeoutException <END> : Expected condition failed:
<START:name> org.openqa.selenium.TimeoutException <END> : Expected condition failed:
<START:name> org.openqa.selenium.TimeoutException <END> : Expected condition failed:
<START:name> org.openqa.selenium.TimeoutException <END> : Expected condition failed:
<START:name> org.openqa.selenium.TimeoutException <END> : Expected condition failed:
<START:name> org.openqa.selenium.TimeoutException <END> : Expected condition failed:
<START:name> org.openqa.selenium.TimeoutException <END> : Expected condition failed:
<START:name> org.openqa.selenium.TimeoutException <END> : Expected condition failed:
<START:name> org.openqa.selenium.TimeoutException <END> : Expected condition failed:
<START:name> org.openqa.selenium.TimeoutException <END> : Expected condition failed:
<START:name> org.openqa.selenium.TimeoutException <END> : Expected condition failed:
<START:name> org.openqa.selenium.TimeoutException <END> : Expected condition failed:
<START:name> org.openqa.selenium.TimeoutException <END> : Expected condition failed:
<START:name> org.openqa.selenium.TimeoutException <END> : Expected condition failed:
<START:name> org.openqa.selenium.TimeoutException <END> : Expected condition failed:
<START:name> org.openqa.selenium.TimeoutException <END> : Expected condition failed:
<START:name> org.openqa.selenium.TimeoutException <END> : Expected condition failed:
<START:name> org.openqa.selenium.TimeoutException <END> : Expected condition failed:
<START:name> org.openqa.selenium.TimeoutException <END> : Expected condition failed:
<START:name> org.openqa.selenium.TimeoutException <END> : Expected condition failed:
<START:name> org.openqa.selenium.TimeoutException <END> : Expected condition failed:
<START:name> org.openqa.selenium.TimeoutException <END> : Expected condition failed:
<START:name> org.openqa.selenium.TimeoutException <END> : Expected condition failed:
<START:name> org.openqa.selenium.TimeoutException <END> : Expected condition failed:
<START:name> org.openqa.selenium.TimeoutException <END> : Expected condition failed:
<START:name> org.openqa.selenium.TimeoutException <END> : Expected condition failed:
<START:name> org.openqa.selenium.TimeoutException <END> : Expected condition failed:
<START:name> org.openqa.selenium.TimeoutException <END> : Expected condition failed:
<START:name> org.openqa.selenium.TimeoutException <END> : Expected condition failed:
<START:name> org.openqa.selenium.TimeoutException <END> : Expected condition failed:
<START:name> org.openqa.selenium.TimeoutException <END> : Expected condition failed:
<START:name> org.openqa.selenium.TimeoutException <END> : Expected condition failed:
<START:name> org.openqa.selenium.TimeoutException <END> : Expected condition failed:
<START:name> org.openqa.selenium.TimeoutException <END> : Expected condition failed:
<START:name> org.openqa.selenium.TimeoutException <END> : Expected condition failed:
<START:name> org.openqa.selenium.TimeoutException <END> : Expected condition failed:
<START:name> org.openqa.selenium.TimeoutException <END> : Expected condition failed:
<START:name> org.openqa.selenium.TimeoutException <END> : Expected condition failed:
<START:name> org.openqa.selenium.TimeoutException <END> : Expected condition failed:
<START:name> org.openqa.selenium.TimeoutException <END> : Expected condition failed:
<START:name> org.openqa.selenium.TimeoutException <END> : Expected condition failed:
<START:name> org.openqa.selenium.TimeoutException <END> : Expected condition failed:
<START:name> org.openqa.selenium.TimeoutException <END> : Expected condition failed:
<START:name> org.openqa.selenium.TimeoutException <END> : Expected condition failed:
<START:name> org.openqa.selenium.TimeoutException <END> : Expected condition failed:
<START:name> org.openqa.selenium.TimeoutException <END> : Expected condition failed:
<START:name> org.openqa.selenium.TimeoutException <END> : Expected condition failed:
<START:name> org.openqa.selenium.TimeoutException <END> : Expected condition failed:
<START:name> org.openqa.selenium.TimeoutException <END> : Expected condition failed:
<START:name> org.openqa.selenium.TimeoutException <END> : Expected condition failed:
<START:name> org.openqa.selenium.TimeoutException <END> : Expected condition failed:
<START:name> org.openqa.selenium.TimeoutException <END> : Expected condition failed:
<START:name> org.openqa.selenium.TimeoutException <END> : Expected condition failed:
<START:name> org.openqa.selenium.TimeoutException <END> : Expected condition failed:
<START:name> org.openqa.selenium.TimeoutException <END> : Expected condition failed:
<START:name> org.openqa.selenium.TimeoutException <END> : Expected condition failed:
<START:name> org.openqa.selenium.TimeoutException <END> : Expected condition failed:
<START:name> org.openqa.selenium.TimeoutException <END> : Expected condition failed:
<START:name> org.openqa.selenium.TimeoutException <END> : Expected condition failed:
<START:name> org.openqa.selenium.TimeoutException <END> : Expected condition failed:
<START:name> org.openqa.selenium.TimeoutException <END> : Expected condition failed:
<START:name> org.openqa.selenium.TimeoutException <END> : Expected condition failed:
<START:name> org.openqa.selenium.TimeoutException <END> : Expected condition failed:
<START:name> org.openqa.selenium.TimeoutException <END> : Expected condition failed:
<START:name> org.openqa.selenium.TimeoutException <END> : Expected condition failed:
<START:name> org.openqa.selenium.TimeoutException <END> : Expected condition failed:
<START:name> org.openqa.selenium.TimeoutException <END> : Expected condition failed:
<START:name> org.openqa.selenium.TimeoutException <END> : Expected condition failed:
<START:name> org.openqa.selenium.TimeoutException <END> : Expected condition failed:
<START:name> org.openqa.selenium.TimeoutException <END> : Expected condition failed:
<START:name> org.openqa.selenium.TimeoutException <END> : Expected condition failed:
<START:name> org.openqa.selenium.TimeoutException <END> : Expected condition failed:
<START:name> org.openqa.selenium.TimeoutException <END> : Expected condition failed:
<START:name> org.openqa.selenium.TimeoutException <END> : Expected condition failed:
<START:name> org.openqa.selenium.TimeoutException <END> : Expected condition failed:
<START:name> org.openqa.selenium.TimeoutException <END> : Expected condition failed:
<START:name> org.openqa.selenium.TimeoutException <END> : Expected condition failed:
<START:name> org.openqa.selenium.TimeoutException <END> : Expected condition failed:
<START:name> org.openqa.selenium.TimeoutException <END> : Expected condition failed:
<START:name> org.openqa.selenium.TimeoutException <END> : Expected condition failed:
<START:name> org.openqa.selenium.TimeoutException <END> : Expected condition failed:
<START:name> org.openqa.selenium.TimeoutException <END> : Expected condition failed:
<START:name> org.openqa.selenium.TimeoutException <END> : Expected condition failed:
<START:name> org.openqa.selenium.TimeoutException <END> : Expected condition failed:
<START:name> org.openqa.selenium.TimeoutException <END> : Expected condition failed:
<START:name> org.openqa.selenium.TimeoutException <END> : Expected condition failed:
<START:name> org.openqa.selenium.TimeoutException <END> : Expected condition failed:
<START:name> org.openqa.selenium.TimeoutException <END> : Expected condition failed:
<START:name> org.openqa.selenium.TimeoutException <END> : Expected condition failed:
<START:name> org.openqa.selenium.TimeoutException <END> : Expected condition failed:
<START:name> org.openqa.selenium.TimeoutException <END> : Expected condition failed:
<START:name> org.openqa.selenium.TimeoutException <END> : Expected condition failed:
<START:name> org.openqa.selenium.TimeoutException <END> : Expected condition failed:
<START:name> org.openqa.selenium.TimeoutException <END> : Expected condition failed:
<START:name> org.openqa.selenium.TimeoutException <END> : Expected condition failed:
<START:name> org.openqa.selenium.TimeoutException <END> : Expected condition failed:
<START:name> org.openqa.selenium.TimeoutException <END> : Expected condition failed:
<START:name> org.openqa.selenium.TimeoutException <END> : Expected condition failed:
<START:name> org.openqa.selenium.TimeoutException <END> : Expected condition failed:
<START:name> org.openqa.selenium.TimeoutException <END> : Expected condition failed:
<START:name> org.openqa.selenium.TimeoutException <END> : Expected condition failed:
<START:name> org.openqa.selenium.TimeoutException <END> : Expected condition failed:
<START:name> org.openqa.selenium.TimeoutException <END> : Expected condition failed:
<START:name> org.openqa.selenium.TimeoutException <END> : Expected condition failed:
<START:name> org.openqa.selenium.TimeoutException <END> : Expected condition failed:
<START:name> org.openqa.selenium.TimeoutException <END> : Expected condition failed:
<START:name> org.openqa.selenium.TimeoutException <END> : Expected condition failed:
<START:name> org.openqa.selenium.TimeoutException <END> : Expected condition failed:
<START:name> org.openqa.selenium.TimeoutException <END> : Expected condition failed:
<START:name> org.openqa.selenium.TimeoutException <END> : Expected condition failed:
<START:name> org.openqa.selenium.TimeoutException <END> : Expected condition failed:
<START:name> org.openqa.selenium.TimeoutException <END> : Expected condition failed:
<START:name> org.openqa.selenium.TimeoutException <END> : Expected condition failed:
<START:name> org.openqa.selenium.TimeoutException <END> : Expected condition failed:
<START:name> org.openqa.selenium.TimeoutException <END> : Expected condition failed:
<START:name> org.openqa.selenium.TimeoutException <END> : Expected condition failed:
<START:name> org.openqa.selenium.TimeoutException <END> : Expected condition failed:
<START:name> org.openqa.selenium.TimeoutException <END> : Expected condition failed:
<START:name> org.openqa.selenium.TimeoutException <END> : Expected condition failed:
<START:name> org.openqa.selenium.TimeoutException <END> : Expected condition failed:
<START:name> org.openqa.selenium.TimeoutException <END> : Expected condition failed:
<START:name> org.openqa.selenium.TimeoutException <END> : Expected condition failed:
<START:name> org.openqa.selenium.TimeoutException <END> : Expected condition failed:
<START:name> org.openqa.selenium.TimeoutException <END> : Expected condition failed:
<START:name> org.openqa.selenium.TimeoutException <END> : Expected condition failed:
<START:name> org.openqa.selenium.TimeoutException <END> : Expected condition failed:
<START:name> org.openqa.selenium.TimeoutException <END> : Expected condition failed:
<START:name> org.openqa.selenium.TimeoutException <END> : Expected condition failed:
<START:name> org.openqa.selenium.TimeoutException <END> : Expected condition failed:
<START:name> org.openqa.selenium.TimeoutException <END> : Expected condition failed:
<START:name> org.openqa.selenium.TimeoutException <END> : Expected condition failed:
<START:name> org.openqa.selenium.TimeoutException <END> : Expected condition failed:
<START:name> org.openqa.selenium.TimeoutException <END> : Expected condition failed:
<START:name> org.openqa.selenium.TimeoutException <END> : Expected condition failed:
<START:name> org.openqa.selenium.TimeoutException <END> : Expected condition failed:
<START:name> org.openqa.selenium.TimeoutException <END> : Expected condition failed:
<START:name> org.openqa.selenium.TimeoutException <END> : Expected condition failed:
<START:name> org.openqa.selenium.TimeoutException <END> : Expected condition failed:
<START:name> org.openqa.selenium.TimeoutException <END> : Expected condition failed:
<START:name> org.openqa.selenium.TimeoutException <END> : Expected condition failed:
<START:name> org.openqa.selenium.TimeoutException <END> : Expected condition failed:
<START:name> org.openqa.selenium.TimeoutException <END> : Expected condition failed:
<START:name> org.openqa.selenium.TimeoutException <END> : Expected condition failed:
<START:name> org.openqa.selenium.TimeoutException <END> : Expected condition failed:
<START:name> org.openqa.selenium.TimeoutException <END> : Expected condition failed:
<START:name> org.openqa.selenium.TimeoutException <END> : Expected condition failed:
<START:name> org.openqa.selenium.TimeoutException <END> : Expected condition failed:
<START:name> org.openqa.selenium.TimeoutException <END> : Expected condition failed:
<START:name> org.openqa.selenium.TimeoutException <END> : Expected condition failed:
<START:name> org.openqa.selenium.TimeoutException <END> : Expected condition failed:
<START:name> org.openqa.selenium.TimeoutException <END> : Expected condition failed:
<START:name> org.openqa.selenium.TimeoutException <END> : Expected condition failed:
<START:name> org.openqa.selenium.TimeoutException <END> : Expected condition failed:
<START:name> org.openqa.selenium.TimeoutException <END> : Expected condition failed:
<START:name> org.openqa.selenium.TimeoutException <END> : Expected condition failed:
<START:name> org.openqa.selenium.TimeoutException <END> : Expected condition failed:
<START:name> org.openqa.selenium.TimeoutException <END> : Expected condition failed:
<START:name> org.openqa.selenium.TimeoutException <END> : Expected condition failed:
<START:name> org.openqa.selenium.TimeoutException <END> : Expected condition failed:
<START:name> org.openqa.selenium.TimeoutException <END> : Expected condition failed:
<START:name> org.openqa.selenium.TimeoutException <END> : Expected condition failed:
<START:name> org.openqa.selenium.TimeoutException <END> : Expected condition failed:
<START:name> java.lang.AssertionError <END> : immitating a failed step
<START:name> java.lang.AssertionError <END> : immitating a failed step
<START:name> java.lang.AssertionError <END> : immitating a failed step
<START:name> java.lang.AssertionError <END> : immitating a failed step
<START:name> java.lang.AssertionError <END> : immitating a failed step
<START:name> java.lang.AssertionError <END> : immitating a failed step
<START:name> java.lang.AssertionError <END> : immitating a failed step
<START:name> java.lang.AssertionError <END> : immitating a failed step
<START:name> java.lang.AssertionError <END> : immitating a failed step
<START:name> java.lang.AssertionError <END> : immitating a failed step
<START:name> java.lang.AssertionError <END> : immitating a failed step
<START:name> java.lang.AssertionError <END> : immitating a failed step
<START:name> java.lang.AssertionError <END> : immitating a failed step
<START:name> java.lang.AssertionError <END> : immitating a failed step
<START:name> java.lang.AssertionError <END> : immitating a failed step
<START:name> java.lang.AssertionError <END> : immitating a failed step
<START:name> java.lang.AssertionError <END> : immitating a failed step
<START:name> java.lang.AssertionError <END> : immitating a failed step
<START:name> java.lang.AssertionError <END> : immitating a failed step
<START:name> java.lang.AssertionError <END> : immitating a failed step
<START:name> java.lang.AssertionError <END> : immitating a failed step
<START:name> java.lang.AssertionError <END> : immitating a failed step
<START:name> java.lang.AssertionError <END> : immitating a failed step
<START:name> java.lang.AssertionError <END> : immitating a failed step
<START:name> java.lang.AssertionError <END> : immitating a failed step
<START:name> java.lang.AssertionError <END> : immitating a failed step
<START:name> java.lang.AssertionError <END> : immitating a failed step
<START:name> java.lang.AssertionError <END> : immitating a failed step
<START:name> java.lang.AssertionError <END> : immitating a failed step
<START:name> java.lang.AssertionError <END> : immitating a failed step
<START:name> java.lang.AssertionError <END> : immitating a failed step
<START:name> java.lang.AssertionError <END> : immitating a failed step
<START:name> java.lang.AssertionError <END> : immitating a failed step
<START:name> java.lang.AssertionError <END> : immitating a failed step
<START:name> java.lang.AssertionError <END> : immitating a failed step
<START:name> java.lang.AssertionError <END> : immitating a failed step
<START:name> java.lang.AssertionError <END> : immitating a failed step
<START:name> java.lang.AssertionError <END> : immitating a failed step
<START:name> java.lang.AssertionError <END> : immitating a failed step
<START:name> java.lang.AssertionError <END> : immitating a failed step
<START:name> java.lang.AssertionError <END> : immitating a failed step
<START:name> java.lang.AssertionError <END> : immitating a failed step
<START:name> java.lang.AssertionError <END> : immitating a failed step
<START:name> java.lang.AssertionError <END> : immitating a failed step
<START:name> java.lang.AssertionError <END> : immitating a failed step
<START:name> java.lang.AssertionError <END> : immitating a failed step
<START:name> java.lang.AssertionError <END> : immitating a failed step
<START:name> java.lang.AssertionError <END> : immitating a failed step
<START:name> java.lang.AssertionError <END> : immitating a failed step
<START:name> java.lang.AssertionError <END> : immitating a failed step
<START:name> java.lang.AssertionError <END> : immitating a failed step
<START:name> java.lang.AssertionError <END> : immitating a failed step
<START:name> java.lang.AssertionError <END> : immitating a failed step
<START:name> java.lang.AssertionError <END> : immitating a failed step
<START:name> java.lang.AssertionError <END> : immitating a failed step
<START:name> java.lang.AssertionError <END> : immitating a failed step
<START:name> java.lang.AssertionError <END> : immitating a failed step
<START:name> java.lang.AssertionError <END> : immitating a failed step
<START:name> java.lang.AssertionError <END> : immitating a failed step
<START:name> java.lang.AssertionError <END> : immitating a failed step
<START:name> java.lang.AssertionError <END> : immitating a failed step
<START:name> java.lang.AssertionError <END> : immitating a failed step
<START:name> java.lang.AssertionError <END> : immitating a failed step
<START:name> java.lang.AssertionError <END> : immitating a failed step
<START:name> java.lang.AssertionError <END> : immitating a failed step
<START:name> java.lang.AssertionError <END> : immitating a failed step
<START:name> java.lang.AssertionError <END> : immitating a failed step
<START:name> java.lang.AssertionError <END> : immitating a failed step
<START:name> java.lang.AssertionError <END> : immitating a failed step
<START:name> java.lang.AssertionError <END> : immitating a failed step




